# JRE version: OpenJDK Runtime Environment SapMachine (11.0.20+8) (build 11.0.20+8-LTS-sapmachine)
# Java VM: OpenJDK 64-Bit Server VM SapMachine (11.0.20+8-LTS-sapmachine, mixed mode, tiered, compressed oops, g1 gc, windows-amd64)
Heap:
 garbage-first heap   total 260096K, used 170082K [0x0000000703e00000, 0x0000000800000000)
  region size 1024K, 113 young (115712K), 7 survivors (7168K)
 Metaspace       used 94722K, capacity 97923K, committed 98128K, reserved 1134592K
  class space    used 11537K, capacity 12778K, committed 12800K, reserved 1048576K
GC Heap History (38 events):
Event: 1.251 GC heap before
{Heap before GC invocations=0 (full 0):
 garbage-first heap   total 260096K, used 25600K [0x0000000703e00000, 0x0000000800000000)
  region size 1024K, 24 young (24576K), 0 survivors (0K)
 Metaspace       used 13570K, capacity 13940K, committed 14080K, reserved 1062912K
  class space    used 1352K, capacity 1476K, committed 1536K, reserved 1048576K
}
Event: 1.257 GC heap after
{Heap after GC invocations=1 (full 0):
 garbage-first heap   total 260096K, used 12044K [0x0000000703e00000, 0x0000000800000000)
  region size 1024K, 3 young (3072K), 3 survivors (3072K)
 Metaspace       used 13570K, capacity 13940K, committed 14080K, reserved 1062912K
  class space    used 1352K, capacity 1476K, committed 1536K, reserved 1048576K
}
Event: 1.344 GC heap before
{Heap before GC invocations=1 (full 0):
 garbage-first heap   total 260096K, used 23308K [0x0000000703e00000, 0x0000000800000000)
  region size 1024K, 14 young (14336K), 3 survivors (3072K)
 Metaspace       used 14585K, capacity 14943K, committed 15232K, reserved 1062912K
  class space    used 1477K, capacity 1621K, committed 1664K, reserved 1048576K
}
Event: 1.346 GC heap after
{Heap after GC invocations=2 (full 0):
 garbage-first heap   total 260096K, used 12519K [0x0000000703e00000, 0x0000000800000000)
  region size 1024K, 1 young (1024K), 1 survivors (1024K)
 Metaspace       used 14585K, capacity 14943K, committed 15232K, reserved 1062912K
  class space    used 1477K, capacity 1621K, committed 1664K, reserved 1048576K
}
Event: 3.464 GC heap before
{Heap before GC invocations=2 (full 0):
 garbage-first heap   total 260096K, used 54503K [0x0000000703e00000, 0x0000000800000000)
  region size 1024K, 42 young (43008K), 1 survivors (1024K)
 Metaspace       used 19525K, capacity 20154K, committed 20480K, reserved 1067008K
  class space    used 2198K, capacity 2452K, committed 2560K, reserved 1048576K
}
Event: 3.466 GC heap after
{Heap after GC invocations=3 (full 0):
 garbage-first heap   total 260096K, used 14119K [0x0000000703e00000, 0x0000000800000000)
  region size 1024K, 2 young (2048K), 2 survivors (2048K)
 Metaspace       used 19525K, capacity 20154K, committed 20480K, reserved 1067008K
  class space    used 2198K, capacity 2452K, committed 2560K, reserved 1048576K
}
Event: 3.571 GC heap before
{Heap before GC invocations=3 (full 0):
 garbage-first heap   total 260096K, used 24359K [0x0000000703e00000, 0x0000000800000000)
  region size 1024K, 13 young (13312K), 2 survivors (2048K)
 Metaspace       used 20488K, capacity 21209K, committed 21296K, reserved 1069056K
  class space    used 2382K, capacity 2680K, committed 2688K, reserved 1048576K
}
Event: 3.574 GC heap after
{Heap after GC invocations=4 (full 0):
 garbage-first heap   total 260096K, used 14610K [0x0000000703e00000, 0x0000000800000000)
  region size 1024K, 3 young (3072K), 3 survivors (3072K)
 Metaspace       used 20488K, capacity 21209K, committed 21296K, reserved 1069056K
  class space    used 2382K, capacity 2680K, committed 2688K, reserved 1048576K
}
Event: 3.888 GC heap before
{Heap before GC invocations=5 (full 0):
 garbage-first heap   total 260096K, used 79122K [0x0000000703e00000, 0x0000000800000000)
  region size 1024K, 67 young (68608K), 3 survivors (3072K)
 Metaspace       used 28221K, capacity 29135K, committed 29360K, reserved 1075200K
  class space    used 3424K, capacity 3789K, committed 3840K, reserved 1048576K
}
Event: 3.892 GC heap after
{Heap after GC invocations=6 (full 0):
 garbage-first heap   total 260096K, used 16531K [0x0000000703e00000, 0x0000000800000000)
  region size 1024K, 5 young (5120K), 5 survivors (5120K)
 Metaspace       used 28221K, capacity 29135K, committed 29360K, reserved 1075200K
  class space    used 3424K, capacity 3789K, committed 3840K, reserved 1048576K
}
Event: 6.161 GC heap before
{Heap before GC invocations=6 (full 0):
 garbage-first heap   total 260096K, used 128147K [0x0000000703e00000, 0x0000000800000000)
  region size 1024K, 114 young (116736K), 5 survivors (5120K)
 Metaspace       used 33003K, capacity 33980K, committed 34096K, reserved 1079296K
  class space    used 4048K, capacity 4465K, committed 4480K, reserved 1048576K
}
Event: 6.166 GC heap after
{Heap after GC invocations=7 (full 0):
 garbage-first heap   total 260096K, used 18458K [0x0000000703e00000, 0x0000000800000000)
  region size 1024K, 7 young (7168K), 7 survivors (7168K)
 Metaspace       used 33003K, capacity 33980K, committed 34096K, reserved 1079296K
  class space    used 4048K, capacity 4465K, committed 4480K, reserved 1048576K
}
Event: 6.318 GC heap before
{Heap before GC invocations=7 (full 0):
 garbage-first heap   total 260096K, used 45082K [0x0000000703e00000, 0x0000000800000000)
  region size 1024K, 34 young (34816K), 7 survivors (7168K)
 Metaspace       used 34836K, capacity 35819K, committed 35888K, reserved 1081344K
  class space    used 4298K, capacity 4695K, committed 4736K, reserved 1048576K
}
Event: 6.323 GC heap after
{Heap after GC invocations=8 (full 0):
 garbage-first heap   total 260096K, used 19594K [0x0000000703e00000, 0x0000000800000000)
  region size 1024K, 8 young (8192K), 8 survivors (8192K)
 Metaspace       used 34836K, capacity 35819K, committed 35888K, reserved 1081344K
  class space    used 4298K, capacity 4695K, committed 4736K, reserved 1048576K
}
Event: 9.324 GC heap before
{Heap before GC invocations=9 (full 0):
 garbage-first heap   total 260096K, used 167050K [0x0000000703e00000, 0x0000000800000000)
  region size 1024K, 152 young (155648K), 8 survivors (8192K)
 Metaspace       used 43415K, capacity 44481K, committed 44720K, reserved 1087488K
  class space    used 5309K, capacity 5763K, committed 5888K, reserved 1048576K
}
Event: 9.330 GC heap after
{Heap after GC invocations=10 (full 0):
 garbage-first heap   total 260096K, used 23335K [0x0000000703e00000, 0x0000000800000000)
  region size 1024K, 11 young (11264K), 11 survivors (11264K)
 Metaspace       used 43415K, capacity 44481K, committed 44720K, reserved 1087488K
  class space    used 5309K, capacity 5763K, committed 5888K, reserved 1048576K
}
Event: 10.969 GC heap before
{Heap before GC invocations=10 (full 0):
 garbage-first heap   total 260096K, used 167719K [0x0000000703e00000, 0x0000000800000000)
  region size 1024K, 152 young (155648K), 11 survivors (11264K)
 Metaspace       used 50040K, capacity 51278K, committed 51504K, reserved 1093632K
  class space    used 6185K, capacity 6688K, committed 6784K, reserved 1048576K
}
Event: 10.976 GC heap after
{Heap after GC invocations=11 (full 0):
 garbage-first heap   total 260096K, used 28063K [0x0000000703e00000, 0x0000000800000000)
  region size 1024K, 14 young (14336K), 14 survivors (14336K)
 Metaspace       used 50040K, capacity 51278K, committed 51504K, reserved 1093632K
  class space    used 6185K, capacity 6688K, committed 6784K, reserved 1048576K
}
Event: 13.576 GC heap before
{Heap before GC invocations=11 (full 0):
 garbage-first heap   total 260096K, used 117151K [0x0000000703e00000, 0x0000000800000000)
  region size 1024K, 102 young (104448K), 14 survivors (14336K)
 Metaspace       used 58686K, capacity 60061K, committed 60240K, reserved 1101824K
  class space    used 7272K, capacity 7850K, committed 7936K, reserved 1048576K
}
Event: 13.589 GC heap after
{Heap after GC invocations=12 (full 0):
 garbage-first heap   total 260096K, used 32607K [0x0000000703e00000, 0x0000000800000000)
  region size 1024K, 15 young (15360K), 15 survivors (15360K)
 Metaspace       used 58686K, capacity 60061K, committed 60240K, reserved 1101824K
  class space    used 7272K, capacity 7850K, committed 7936K, reserved 1048576K
}
Event: 15.574 GC heap before
{Heap before GC invocations=13 (full 0):
 garbage-first heap   total 260096K, used 178015K [0x0000000703e00000, 0x0000000800000000)
  region size 1024K, 152 young (155648K), 15 survivors (15360K)
 Metaspace       used 71414K, capacity 73200K, committed 73424K, reserved 1114112K
  class space    used 8822K, capacity 9475K, committed 9600K, reserved 1048576K
}
Event: 15.583 GC heap after
{Heap after GC invocations=14 (full 0):
 garbage-first heap   total 260096K, used 38904K [0x0000000703e00000, 0x0000000800000000)
  region size 1024K, 12 young (12288K), 12 survivors (12288K)
 Metaspace       used 71414K, capacity 73200K, committed 73424K, reserved 1114112K
  class space    used 8822K, capacity 9475K, committed 9600K, reserved 1048576K
}
Event: 16.480 GC heap before
{Heap before GC invocations=14 (full 0):
 garbage-first heap   total 260096K, used 183288K [0x0000000703e00000, 0x0000000800000000)
  region size 1024K, 152 young (155648K), 12 survivors (12288K)
 Metaspace       used 78966K, capacity 80981K, committed 81232K, reserved 1120256K
  class space    used 9637K, capacity 10374K, committed 10496K, reserved 1048576K
}
Event: 16.488 GC heap after
{Heap after GC invocations=15 (full 0):
 garbage-first heap   total 260096K, used 46971K [0x0000000703e00000, 0x0000000800000000)
  region size 1024K, 15 young (15360K), 15 survivors (15360K)
 Metaspace       used 78966K, capacity 80981K, committed 81232K, reserved 1120256K
  class space    used 9637K, capacity 10374K, committed 10496K, reserved 1048576K
}
Event: 58.407 GC heap before
{Heap before GC invocations=15 (full 0):
 garbage-first heap   total 260096K, used 187259K [0x0000000703e00000, 0x0000000800000000)
  region size 1024K, 152 young (155648K), 15 survivors (15360K)
 Metaspace       used 84354K, capacity 86867K, committed 86992K, reserved 1124352K
  class space    used 10396K, capacity 11343K, committed 11392K, reserved 1048576K
}
Event: 58.417 GC heap after
{Heap after GC invocations=16 (full 0):
 garbage-first heap   total 260096K, used 52372K [0x0000000703e00000, 0x0000000800000000)
  region size 1024K, 14 young (14336K), 14 survivors (14336K)
 Metaspace       used 84354K, capacity 86867K, committed 86992K, reserved 1124352K
  class space    used 10396K, capacity 11343K, committed 11392K, reserved 1048576K
}
Event: 414.299 GC heap before
{Heap before GC invocations=16 (full 0):
 garbage-first heap   total 260096K, used 193684K [0x0000000703e00000, 0x0000000800000000)
  region size 1024K, 152 young (155648K), 14 survivors (14336K)
 Metaspace       used 93067K, capacity 96038K, committed 96336K, reserved 1132544K
  class space    used 11340K, capacity 12487K, committed 12544K, reserved 1048576K
}
Event: 414.340 GC heap after
{Heap after GC invocations=17 (full 0):
 garbage-first heap   total 260096K, used 58546K [0x0000000703e00000, 0x0000000800000000)
  region size 1024K, 13 young (13312K), 13 survivors (13312K)
 Metaspace       used 93067K, capacity 96038K, committed 96336K, reserved 1132544K
  class space    used 11340K, capacity 12487K, committed 12544K, reserved 1048576K
}
Event: 1420.593 GC heap before
{Heap before GC invocations=17 (full 0):
 garbage-first heap   total 260096K, used 200882K [0x0000000703e00000, 0x0000000800000000)
  region size 1024K, 152 young (155648K), 13 survivors (13312K)
 Metaspace       used 93590K, capacity 96683K, committed 96976K, reserved 1134592K
  class space    used 11377K, capacity 12545K, committed 12672K, reserved 1048576K
}
Event: 1420.616 GC heap after
{Heap after GC invocations=18 (full 0):
 garbage-first heap   total 260096K, used 59149K [0x0000000703e00000, 0x0000000800000000)
  region size 1024K, 7 young (7168K), 7 survivors (7168K)
 Metaspace       used 93590K, capacity 96683K, committed 96976K, reserved 1134592K
  class space    used 11377K, capacity 12545K, committed 12672K, reserved 1048576K
}
Event: 2488.507 GC heap before
{Heap before GC invocations=18 (full 0):
 garbage-first heap   total 260096K, used 206605K [0x0000000703e00000, 0x0000000800000000)
  region size 1024K, 152 young (155648K), 7 survivors (7168K)
 Metaspace       used 93851K, capacity 97040K, committed 97232K, reserved 1134592K
  class space    used 11431K, capacity 12637K, committed 12672K, reserved 1048576K
}
Event: 2488.533 GC heap after
{Heap after GC invocations=19 (full 0):
 garbage-first heap   total 260096K, used 60089K [0x0000000703e00000, 0x0000000800000000)
  region size 1024K, 8 young (8192K), 8 survivors (8192K)
 Metaspace       used 93851K, capacity 97040K, committed 97232K, reserved 1134592K
  class space    used 11431K, capacity 12637K, committed 12672K, reserved 1048576K
}
Event: 3403.921 GC heap before
{Heap before GC invocations=19 (full 0):
 garbage-first heap   total 260096K, used 206521K [0x0000000703e00000, 0x0000000800000000)
  region size 1024K, 152 young (155648K), 8 survivors (8192K)
 Metaspace       used 94508K, capacity 97669K, committed 97872K, reserved 1134592K
  class space    used 11514K, capacity 12739K, committed 12800K, reserved 1048576K
}
Event: 3403.931 GC heap after
{Heap after GC invocations=20 (full 0):
 garbage-first heap   total 260096K, used 60314K [0x0000000703e00000, 0x0000000800000000)
  region size 1024K, 9 young (9216K), 9 survivors (9216K)
 Metaspace       used 94508K, capacity 97669K, committed 97872K, reserved 1134592K
  class space    used 11514K, capacity 12739K, committed 12800K, reserved 1048576K
}
Event: 4443.862 GC heap before
{Heap before GC invocations=20 (full 0):
 garbage-first heap   total 260096K, used 205722K [0x0000000703e00000, 0x0000000800000000)
  region size 1024K, 152 young (155648K), 9 survivors (9216K)
 Metaspace       used 94620K, capacity 97795K, committed 97872K, reserved 1134592K
  class space    used 11534K, capacity 12778K, committed 12800K, reserved 1048576K
}
Event: 4443.889 GC heap after
{Heap after GC invocations=21 (full 0):
 garbage-first heap   total 260096K, used 63220K [0x0000000703e00000, 0x0000000800000000)
  region size 1024K, 11 young (11264K), 11 survivors (11264K)
 Metaspace       used 94620K, capacity 97795K, committed 97872K, reserved 1134592K
  class space    used 11534K, capacity 12778K, committed 12800K, reserved 1048576K
}
Event: 5383.719 GC heap before
{Heap before GC invocations=21 (full 0):
 garbage-first heap   total 260096K, used 206580K [0x0000000703e00000, 0x0000000800000000)
  region size 1024K, 152 young (155648K), 11 survivors (11264K)
 Metaspace       used 94684K, capacity 97859K, committed 98128K, reserved 1134592K
  class space    used 11535K, capacity 12778K, committed 12800K, reserved 1048576K
}
Event: 5383.733 GC heap after
{Heap after GC invocations=22 (full 0):
 garbage-first heap   total 260096K, used 63586K [0x0000000703e00000, 0x0000000800000000)
  region size 1024K, 7 young (7168K), 7 survivors (7168K)
 Metaspace       used 94684K, capacity 97859K, committed 98128K, reserved 1134592K
  class space    used 11535K, capacity 12778K, committed 12800K, reserved 1048576K
}

