# JRE version: OpenJDK Runtime Environment SapMachine (11.0.20+8) (build 11.0.20+8-LTS-sapmachine)
# Java VM: OpenJDK 64-Bit Server VM SapMachine (11.0.20+8-LTS-sapmachine, mixed mode, tiered, compressed oops, g1 gc, windows-amd64)
Heap:
 garbage-first heap   total 260096K, used 165674K [0x0000000703e00000, 0x0000000800000000)
  region size 1024K, 111 young (113664K), 7 survivors (7168K)
 Metaspace       used 91578K, capacity 94519K, committed 94800K, reserved 1132544K
  class space    used 11313K, capacity 12457K, committed 12544K, reserved 1048576K
GC Heap History (30 events):
Event: 0.973 GC heap before
{Heap before GC invocations=0 (full 0):
 garbage-first heap   total 260096K, used 25600K [0x0000000703e00000, 0x0000000800000000)
  region size 1024K, 24 young (24576K), 0 survivors (0K)
 Metaspace       used 13154K, capacity 13513K, committed 13824K, reserved 1060864K
  class space    used 1336K, capacity 1439K, committed 1536K, reserved 1048576K
}
Event: 0.978 GC heap after
{Heap after GC invocations=1 (full 0):
 garbage-first heap   total 260096K, used 11398K [0x0000000703e00000, 0x0000000800000000)
  region size 1024K, 3 young (3072K), 3 survivors (3072K)
 Metaspace       used 13154K, capacity 13513K, committed 13824K, reserved 1060864K
  class space    used 1336K, capacity 1439K, committed 1536K, reserved 1048576K
}
Event: 1.087 GC heap before
{Heap before GC invocations=1 (full 0):
 garbage-first heap   total 260096K, used 25734K [0x0000000703e00000, 0x0000000800000000)
  region size 1024K, 17 young (17408K), 3 survivors (3072K)
 Metaspace       used 14554K, capacity 14931K, committed 14976K, reserved 1062912K
  class space    used 1508K, capacity 1641K, committed 1664K, reserved 1048576K
}
Event: 1.090 GC heap after
{Heap after GC invocations=2 (full 0):
 garbage-first heap   total 260096K, used 12332K [0x0000000703e00000, 0x0000000800000000)
  region size 1024K, 1 young (1024K), 1 survivors (1024K)
 Metaspace       used 14554K, capacity 14931K, committed 14976K, reserved 1062912K
  class space    used 1508K, capacity 1641K, committed 1664K, reserved 1048576K
}
Event: 3.161 GC heap before
{Heap before GC invocations=2 (full 0):
 garbage-first heap   total 260096K, used 58412K [0x0000000703e00000, 0x0000000800000000)
  region size 1024K, 46 young (47104K), 1 survivors (1024K)
 Metaspace       used 20144K, capacity 20918K, committed 21120K, reserved 1067008K
  class space    used 2305K, capacity 2605K, committed 2688K, reserved 1048576K
}
Event: 3.163 GC heap after
{Heap after GC invocations=3 (full 0):
 garbage-first heap   total 260096K, used 14215K [0x0000000703e00000, 0x0000000800000000)
  region size 1024K, 3 young (3072K), 3 survivors (3072K)
 Metaspace       used 20144K, capacity 20918K, committed 21120K, reserved 1067008K
  class space    used 2305K, capacity 2605K, committed 2688K, reserved 1048576K
}
Event: 3.186 GC heap before
{Heap before GC invocations=3 (full 0):
 garbage-first heap   total 260096K, used 17287K [0x0000000703e00000, 0x0000000800000000)
  region size 1024K, 7 young (7168K), 3 survivors (3072K)
 Metaspace       used 20489K, capacity 21211K, committed 21296K, reserved 1069056K
  class space    used 2381K, capacity 2680K, committed 2688K, reserved 1048576K
}
Event: 3.188 GC heap after
{Heap after GC invocations=4 (full 0):
 garbage-first heap   total 260096K, used 14427K [0x0000000703e00000, 0x0000000800000000)
  region size 1024K, 3 young (3072K), 3 survivors (3072K)
 Metaspace       used 20489K, capacity 21211K, committed 21296K, reserved 1069056K
  class space    used 2381K, capacity 2680K, committed 2688K, reserved 1048576K
}
Event: 3.439 GC heap before
{Heap before GC invocations=5 (full 0):
 garbage-first heap   total 260096K, used 77915K [0x0000000703e00000, 0x0000000800000000)
  region size 1024K, 66 young (67584K), 3 survivors (3072K)
 Metaspace       used 28208K, capacity 29073K, committed 29360K, reserved 1075200K
  class space    used 3428K, capacity 3789K, committed 3840K, reserved 1048576K
}
Event: 3.442 GC heap after
{Heap after GC invocations=6 (full 0):
 garbage-first heap   total 260096K, used 16260K [0x0000000703e00000, 0x0000000800000000)
  region size 1024K, 5 young (5120K), 5 survivors (5120K)
 Metaspace       used 28208K, capacity 29073K, committed 29360K, reserved 1075200K
  class space    used 3428K, capacity 3789K, committed 3840K, reserved 1048576K
}
Event: 5.398 GC heap before
{Heap before GC invocations=6 (full 0):
 garbage-first heap   total 260096K, used 113540K [0x0000000703e00000, 0x0000000800000000)
  region size 1024K, 101 young (103424K), 5 survivors (5120K)
 Metaspace       used 32250K, capacity 33251K, committed 33456K, reserved 1079296K
  class space    used 3958K, capacity 4327K, committed 4352K, reserved 1048576K
}
Event: 5.402 GC heap after
{Heap after GC invocations=7 (full 0):
 garbage-first heap   total 260096K, used 17914K [0x0000000703e00000, 0x0000000800000000)
  region size 1024K, 7 young (7168K), 7 survivors (7168K)
 Metaspace       used 32250K, capacity 33251K, committed 33456K, reserved 1079296K
  class space    used 3958K, capacity 4327K, committed 4352K, reserved 1048576K
}
Event: 5.625 GC heap before
{Heap before GC invocations=7 (full 0):
 garbage-first heap   total 260096K, used 56826K [0x0000000703e00000, 0x0000000800000000)
  region size 1024K, 46 young (47104K), 7 survivors (7168K)
 Metaspace       used 34838K, capacity 35821K, committed 35888K, reserved 1081344K
  class space    used 4299K, capacity 4695K, committed 4736K, reserved 1048576K
}
Event: 5.630 GC heap after
{Heap after GC invocations=8 (full 0):
 garbage-first heap   total 260096K, used 19088K [0x0000000703e00000, 0x0000000800000000)
  region size 1024K, 8 young (8192K), 8 survivors (8192K)
 Metaspace       used 34838K, capacity 35821K, committed 35888K, reserved 1081344K
  class space    used 4299K, capacity 4695K, committed 4736K, reserved 1048576K
}
Event: 8.225 GC heap before
{Heap before GC invocations=9 (full 0):
 garbage-first heap   total 260096K, used 166544K [0x0000000703e00000, 0x0000000800000000)
  region size 1024K, 152 young (155648K), 8 survivors (8192K)
 Metaspace       used 43492K, capacity 44535K, committed 44592K, reserved 1087488K
  class space    used 5312K, capacity 5760K, committed 5760K, reserved 1048576K
}
Event: 8.231 GC heap after
{Heap after GC invocations=10 (full 0):
 garbage-first heap   total 260096K, used 22509K [0x0000000703e00000, 0x0000000800000000)
  region size 1024K, 11 young (11264K), 11 survivors (11264K)
 Metaspace       used 43492K, capacity 44535K, committed 44592K, reserved 1087488K
  class space    used 5312K, capacity 5760K, committed 5760K, reserved 1048576K
}
Event: 9.105 GC heap before
{Heap before GC invocations=10 (full 0):
 garbage-first heap   total 260096K, used 166893K [0x0000000703e00000, 0x0000000800000000)
  region size 1024K, 152 young (155648K), 11 survivors (11264K)
 Metaspace       used 50300K, capacity 51500K, committed 51760K, reserved 1093632K
  class space    used 6207K, capacity 6680K, committed 6784K, reserved 1048576K
}
Event: 9.112 GC heap after
{Heap after GC invocations=11 (full 0):
 garbage-first heap   total 260096K, used 28216K [0x0000000703e00000, 0x0000000800000000)
  region size 1024K, 14 young (14336K), 14 survivors (14336K)
 Metaspace       used 50300K, capacity 51500K, committed 51760K, reserved 1093632K
  class space    used 6207K, capacity 6680K, committed 6784K, reserved 1048576K
}
Event: 12.270 GC heap before
{Heap before GC invocations=11 (full 0):
 garbage-first heap   total 260096K, used 115256K [0x0000000703e00000, 0x0000000800000000)
  region size 1024K, 100 young (102400K), 14 survivors (14336K)
 Metaspace       used 58660K, capacity 60025K, committed 60240K, reserved 1101824K
  class space    used 7253K, capacity 7816K, committed 7936K, reserved 1048576K
}
Event: 12.282 GC heap after
{Heap after GC invocations=12 (full 0):
 garbage-first heap   total 260096K, used 32744K [0x0000000703e00000, 0x0000000800000000)
  region size 1024K, 14 young (14336K), 14 survivors (14336K)
 Metaspace       used 58660K, capacity 60025K, committed 60240K, reserved 1101824K
  class space    used 7253K, capacity 7816K, committed 7936K, reserved 1048576K
}
Event: 13.611 GC heap before
{Heap before GC invocations=13 (full 0):
 garbage-first heap   total 260096K, used 181224K [0x0000000703e00000, 0x0000000800000000)
  region size 1024K, 152 young (155648K), 14 survivors (14336K)
 Metaspace       used 71489K, capacity 73264K, committed 73424K, reserved 1114112K
  class space    used 8797K, capacity 9474K, committed 9600K, reserved 1048576K
}
Event: 13.618 GC heap after
{Heap after GC invocations=14 (full 0):
 garbage-first heap   total 260096K, used 41437K [0x0000000703e00000, 0x0000000800000000)
  region size 1024K, 13 young (13312K), 13 survivors (13312K)
 Metaspace       used 71489K, capacity 73264K, committed 73424K, reserved 1114112K
  class space    used 8797K, capacity 9474K, committed 9600K, reserved 1048576K
}
Event: 14.561 GC heap before
{Heap before GC invocations=14 (full 0):
 garbage-first heap   total 260096K, used 189917K [0x0000000703e00000, 0x0000000800000000)
  region size 1024K, 152 young (155648K), 13 survivors (13312K)
 Metaspace       used 79690K, capacity 81713K, committed 81872K, reserved 1120256K
  class space    used 9766K, capacity 10532K, committed 10624K, reserved 1048576K
}
Event: 14.569 GC heap after
{Heap after GC invocations=15 (full 0):
 garbage-first heap   total 260096K, used 49461K [0x0000000703e00000, 0x0000000800000000)
  region size 1024K, 18 young (18432K), 18 survivors (18432K)
 Metaspace       used 79690K, capacity 81713K, committed 81872K, reserved 1120256K
  class space    used 9766K, capacity 10532K, committed 10624K, reserved 1048576K
}
Event: 98.537 GC heap before
{Heap before GC invocations=15 (full 0):
 garbage-first heap   total 260096K, used 185653K [0x0000000703e00000, 0x0000000800000000)
  region size 1024K, 152 young (155648K), 18 survivors (18432K)
 Metaspace       used 83212K, capacity 85649K, committed 85840K, reserved 1124352K
  class space    used 10309K, capacity 11226K, committed 11264K, reserved 1048576K
}
Event: 98.558 GC heap after
{Heap after GC invocations=16 (full 0):
 garbage-first heap   total 260096K, used 55177K [0x0000000703e00000, 0x0000000800000000)
  region size 1024K, 15 young (15360K), 15 survivors (15360K)
 Metaspace       used 83212K, capacity 85649K, committed 85840K, reserved 1124352K
  class space    used 10309K, capacity 11226K, committed 11264K, reserved 1048576K
}
Event: 439.603 GC heap before
{Heap before GC invocations=16 (full 0):
 garbage-first heap   total 260096K, used 194441K [0x0000000703e00000, 0x0000000800000000)
  region size 1024K, 152 young (155648K), 15 survivors (15360K)
 Metaspace       used 91069K, capacity 93998K, committed 94160K, reserved 1130496K
  class space    used 11273K, capacity 12398K, committed 12416K, reserved 1048576K
}
Event: 439.652 GC heap after
{Heap after GC invocations=17 (full 0):
 garbage-first heap   total 260096K, used 59656K [0x0000000703e00000, 0x0000000800000000)
  region size 1024K, 11 young (11264K), 11 survivors (11264K)
 Metaspace       used 91069K, capacity 93998K, committed 94160K, reserved 1130496K
  class space    used 11273K, capacity 12398K, committed 12416K, reserved 1048576K
}
Event: 1410.751 GC heap before
{Heap before GC invocations=17 (full 0):
 garbage-first heap   total 260096K, used 203016K [0x0000000703e00000, 0x0000000800000000)
  region size 1024K, 152 young (155648K), 11 survivors (11264K)
 Metaspace       used 91529K, capacity 94486K, committed 94800K, reserved 1132544K
  class space    used 11306K, capacity 12451K, committed 12544K, reserved 1048576K
}
Event: 1410.814 GC heap after
{Heap after GC invocations=18 (full 0):
 garbage-first heap   total 260096K, used 61226K [0x0000000703e00000, 0x0000000800000000)
  region size 1024K, 7 young (7168K), 7 survivors (7168K)
 Metaspace       used 91529K, capacity 94486K, committed 94800K, reserved 1132544K
  class space    used 11306K, capacity 12451K, committed 12544K, reserved 1048576K
}

